<?xml version="1.0" encoding="UTF-8"?>
<!-- Generated by org.testng.reporters.JUnitReportReporter -->
<testsuite skipped="0" hostname="DESKTOP-4L4F65Q" name="com.durgasoft.testNG.NewTest" tests="1" failures="0" timestamp="2022-10-17T11:20:46 IST" time="7.464" errors="0">
  <testcase name="login" time="7.464" classname="com.durgasoft.testNG.NewTest"/>
  <system-out/>
</testsuite> <!-- com.durgasoft.testNG.NewTest -->
