<?xml version="1.0" encoding="UTF-8"?>
<!-- Generated by org.testng.reporters.JUnitReportReporter -->
<testsuite skipped="0" hostname="DESKTOP-4L4F65Q" name="com.durgasoft.testNG.Practice_link" tests="1" failures="0" timestamp="2022-10-17T12:07:40 IST" time="3.152" errors="0">
  <testcase name="Practice" time="3.152" classname="com.durgasoft.testNG.Practice_link"/>
  <system-out/>
</testsuite> <!-- com.durgasoft.testNG.Practice_link -->
